
                        POLYGENIC-QTL OPTION

                    SUMMARY FOR MEAN PARAMETERS
 
 TRAIT             PARAMETER    PREDICTOR          ESTIMATE        STD ERR
 
 lvedd_z               1        GRAND                2.2425         0.6677
 lvedd_z               4        female              -0.2422         0.6422
 lvedd_z               5        age_echo_yrs         0.5023         0.3407
 lvedd_z               6        n_lmna_vars         -1.1914         0.6497
 lvedd_z               7        n_oth_vars           1.4369         0.6342
 lvef                  2        GRAND               49.1854         6.1791
 lvef                  8        female               3.4746         5.3472
 lvef                  9        age_echo_yrs        -6.2648         2.9155
 lvef                 10        n_lmna_vars          3.3840         5.5711
 lvef                 11        n_oth_vars         -12.6242         5.2710
 grade                 3        GRAND                1.5455         0.4646
 grade                12        female              -0.0873         0.4616
 grade                13        age_echo_yrs         0.7448         0.2357
 grade                14        n_lmna_vars         -0.5695         0.4688
 grade                15        n_oth_vars           0.8212         0.4523

                    SUMMARY FOR COVARIANCE PARAMETERS
 
 TRAIT             TRAIT                VARIANCE           ESTIMATE      STD_ERR_1     STD_ERR_2
 
 lvedd_z           lvedd_z              ADDITIVE             0.4014         1.1525        1.6422
 lvef              lvedd_z              ADDITIVE            -5.9367        11.4768       13.4265
 lvef              lvef                 ADDITIVE            87.8112       124.2881      578.7879
 grade             lvedd_z              ADDITIVE             0.3282         0.7868        1.0226
 grade             lvef                 ADDITIVE            -4.8545         8.2662       21.7808
 grade             grade                ADDITIVE             0.2684         0.5705        1.0075
 lvedd_z           lvedd_z              ENVIRONMENTAL        2.2789         1.1449        1.1628
 lvef              lvedd_z              ENVIRONMENTAL      -10.2590        10.0156       10.3320
 lvef              lvef                 ENVIRONMENTAL      117.3805        96.5091      105.0473
 grade             lvedd_z              ENVIRONMENTAL        1.2842         0.7492        0.7641
 grade             lvef                 ENVIRONMENTAL       -9.6223         6.8734        7.2177
 grade             grade                ENVIRONMENTAL        1.2049         0.5408        0.5580

 TRAIT             TRAIT           TOTAL VARIANCE OR COVARIANCE
 
 lvedd_z           lvedd_z                   2.6803
 lvef              lvedd_z                 -16.1957
 lvef              lvef                    205.1917
 grade             lvedd_z                   1.6124
 grade             lvef                    -14.4768
 grade             grade                     1.4733


 
 FOR PUBLICATION PURPOSES, PLEASE CITE THE OVERALL REFERENCE:

 Lange K, Papp JC, Sinsheimer JS, Sripracha R, Zhou H, Sobel EM (2013)
 Mendel: The Swiss army knife of genetic analysis programs.
 Bioinformatics 29:1568-1570.

 FOR THIS SPECIFIC ANALYSIS OPTION, PLEASE ALSO CITE THE REFERENCES:

 Lange K, Westlake J, Spence MA (1976). Extensions to pedigree analysis. III.
 Variance components by the scoring method.
 Annals of Human Genetics 39:485-491.

 Lange K, Boehnke M (l983). Extensions to pedigree analysis. IV.
 Covariance components models for multivariate traits.
 American Journal of Medical Genetics 14:513-524.

 Bauman L, Almasy L, Blangero J, Duggirala R, Sinsheimer JS, Lange K (2005).
 Fishing for pleiotropic QTLs in a polygenic sea.
 Annals of Human Genetics 69:590-611.

 Lange K, Sobel E (2006). Variance component models for X-linked QTLs.
 Genetic Epidemiology 30:380-383.

