
                       WELCOME TO MENDEL, VERSION 16.0
 
                   (c) COPYRIGHT KENNETH LANGE, 1985-2016
                       ALL COMMERCIAL RIGHTS RESERVED
                   PROGRAMMED BY KENNETH LANGE & ERIC SOBEL
 
              DOCUMENTATION AND MOST RECENT VERSION AVAILABLE AT
                 http://www.genetics.ucla.edu/software/mendel


 TIME OF DAY   : 20:39
 MONTH/DAY/YEAR: 03/11/2018

 CONTENT OF CONTROL FILE analysis/mvc_count.ctrl:
 
 DEFINITION_FILE = data/mendel_data.def
 PEDIGREE_FILE = data/mendel_data.ped
 INPUT_FORMAT = No_Twins
 ECHO = yes
 ANALYSIS_OPTION = Variance_Components
 PROBAND_FACTOR = proband
 PROBAND = 1
 TRANSFORM = Standardize :: age_echo_yrs
 QUANTITATIVE_TRAIT = lvedd_z
 PREDICTOR = female :: lvedd_z
 PREDICTOR = age_echo_yrs :: lvedd_z
 PREDICTOR = n_lmna_vars :: lvedd_z
 PREDICTOR = n_oth_vars :: lvedd_z
 QUANTITATIVE_TRAIT = lvef
 PREDICTOR = female :: lvef
 PREDICTOR = age_echo_yrs :: lvef
 PREDICTOR = n_lmna_vars :: lvef
 PREDICTOR = n_oth_vars :: lvef
 QUANTITATIVE_TRAIT = grade
 PREDICTOR = female :: grade
 PREDICTOR = age_echo_yrs :: grade
 PREDICTOR = n_lmna_vars :: grade
 PREDICTOR = n_oth_vars :: grade
 COVARIANCE_CLASS = Additive
 COVARIANCE_CLASS = Environmental
 OUTLIERS = True
 OUTPUT_FILE = analysis/mvc_count.out
 SUMMARY_FILE = analysis/mvc_count_summary.out

 CONTENT OF DEFINITION FILE data/mendel_data.def
 READ AS LIST-DIRECTED FILE:

 FACTOR = proband              2 CATEGORIES
 CATEGORY NAMES
    0       
    1       

 FACTOR = vital_status         2 CATEGORIES
 CATEGORY NAMES
    Alive   
    Deceased

 FACTOR = f_lmna_vars          0 CATEGORIES

 FACTOR = f_oth_vars           0 CATEGORIES

 FACTOR = f_grade              0 CATEGORIES

 VARIABLE = female          
    LOWER BOUND =  0.0000000
    UPPER BOUND =  1.0000000

 VARIABLE = n_lmna_vars     
    LOWER BOUND =  0.0000000
    UPPER BOUND =  1.0000000

 VARIABLE = n_oth_vars      
    LOWER BOUND =  0.0000000
    UPPER BOUND =     4.0000

 VARIABLE = grade           
    LOWER BOUND =  0.0000000
    UPPER BOUND =     4.0000

 VARIABLE = age_echo_yrs    
    LOWER BOUND =  0.0000000
    UPPER BOUND =    90.0000

 VARIABLE = lvedd_z         
    LOWER BOUND =  -INFINITY
    UPPER BOUND =  +INFINITY

 VARIABLE = lvef            
    LOWER BOUND =  1.0000000
    UPPER BOUND =   100.0000

 CONTENT OF PEDIGREE FILE data/mendel_data.ped
 READ AS LIST-DIRECTED FILE
   WITH NO TWIN DATA

 PEDIGREE NUMBER 1 HAS 36 MEMBERS AND NAME N.

      ID       PARENT   IDS      SEX    TWIN   proband    l_status   mna_vars
                                               oth_vars   f_grade    female  
                                               n_lmna_v   n_oth_va   grade   
                                               age_echo   lvedd_z    lvef    
 
   1  1                          M             0          Deceased             
                                                                     0.0000000 
                                                                               
                                                                               
   2  2                          F             0          Deceased             
                                                                     1.0000000 
                                                                               
                                                                               
   3  3                          M             0          Alive                
                                                                     0.0000000 
                                                                               
                                                                               
   4  4        1        2        F             0          Deceased             
                                               1          4          1.0000000 
                                                          1.0000000  4.0000000 
                                               51.000000             23.000000 
   5  5        1        2        M             0          Alive      0         
                                               0          3          0.0000000 
                                               0.0000000  0.0000000  3.0000000 
                                               60.000000  2.8400000  48.000000 
   6  6                          F             0          Alive                
                                                                     1.0000000 
                                                                               
                                                                               
   7  7                          M             0          Alive                
                                                                     0.0000000 
                                                                               
                                                                               
   8  8        1        2        F             1          Deceased   1         
                                               1          3          1.0000000 
                                               1.0000000  1.0000000  3.0000000 
                                               46.000000  2.6800000  25.000000 
   9  9        1        2        M             0          Deceased   1         
                                               1          4          0.0000000 
                                               1.0000000  1.0000000  4.0000000 
                                                                               
  10  10                         F             0          Alive      0         
                                               0                     1.0000000 
                                               0.0000000  0.0000000            
                                                                               
  11  11       1        2        M             0          Alive                
                                               1                     0.0000000 
                                                          1.0000000            
                                                                               
  12  12                         F             0          Deceased             
                                                                     1.0000000 
                                                                               
                                                                               
  13  13       1        2        M             0          Deceased             
                                                          4          0.0000000 
                                                                     4.0000000 
                                               40.000000  4.4400000  21.000000 
  14  14                         F             0          Alive                
                                                                     1.0000000 
                                                                               
                                                                               
  15  15       1        2        M             0          Deceased   1         
                                               1          4          0.0000000 
                                               1.0000000  1.0000000  4.0000000 
                                               45.000000  6.1000000  23.000000 
  16  16                         F             0          Alive                
                                                                     1.0000000 
                                                                               
                                                                               
  17  17       3        4        M             0          Alive      0         
                                               1                     0.0000000 
                                               0.0000000  1.0000000            
                                                                               
  18  18                         M             0          Alive                
                                                                     0.0000000 
                                                                               
                                                                               
  19  19       3        4        F             0          Alive      0         
                                               1          1          1.0000000 
                                               0.0000000  1.0000000  1.0000000 
                                               32.000000  1.5900000  40.000000 
  20  20       5        6        M             0          Alive                
                                                          0          0.0000000 
                                                                     0.0000000 
                                               32.000000  1.5500000  69.000000 
  21  21       5        6        M             0          Alive      0         
                                               0          0          0.0000000 
                                               0.0000000  0.0000000  0.0000000 
                                               20.000000  -0.7000000 66.000000 
  22  22       5        6        F             0          Alive      0         
                                               0          1          1.0000000 
                                               0.0000000  0.0000000  1.0000000 
                                               27.000000  3.1200000  66.000000 
  23  23       7        8        F             0          Alive      1         
                                               1          0          1.0000000 
                                               1.0000000  1.0000000  0.0000000 
                                               22.000000  0.1000000  62.000000 
  24  24                         M             0          Alive                
                                                                     0.0000000 
                                                                               
                                                                               
  25  25       9        10       F             0          Alive      1         
                                               1          0          1.0000000 
                                               1.0000000  1.0000000  0.0000000 
                                               36.000000  0.6400000  65.000000 
  26  26       9        10       F             0          Alive      0         
                                               1          0          1.0000000 
                                               0.0000000  1.0000000  0.0000000 
                                               26.000000  1.3200000  59.000000 
  27  27       9        10       M             0          Alive      0         
                                               1          3          0.0000000 
                                               0.0000000  1.0000000  3.0000000 
                                               33.000000             15.000000 
  28  28       11       12       F             0          Alive      0         
                                               0          1          1.0000000 
                                               0.0000000  0.0000000  1.0000000 
                                               21.000000  2.0000000  65.000000 
  29  29       11       12       F             0          Alive      0         
                                               1          2          1.0000000 
                                               0.0000000  1.0000000  2.0000000 
                                               39.000000  2.3000000  49.000000 
  30  30       11       12       M             0          Alive      0         
                                               1          1          0.0000000 
                                               0.0000000  1.0000000  1.0000000 
                                               39.000000  2.3000000  63.000000 
  31  31       11       12       M             0          Alive      0         
                                               1          1          0.0000000 
                                               0.0000000  1.0000000  1.0000000 
                                               37.000000  2.5600000  58.000000 
  32  32       13       14       F             0          Alive      0         
                                               0          0          1.0000000 
                                               0.0000000  0.0000000  0.0000000 
                                               24.000000  1.4000000  57.000000 
  33  33       15       16       M             0          Alive      1         
                                               0          0          0.0000000 
                                               1.0000000  0.0000000  0.0000000 
                                               29.000000  0.6500000  61.000000 
  34  34       15       16       M             0          Alive      1         
                                               0          0          0.0000000 
                                               1.0000000  0.0000000  0.0000000 
                                               18.000000  0.3700000  61.000000 
  35  35       18       19       M             0          Alive      0         
                                               1          2          0.0000000 
                                               0.0000000  1.0000000  2.0000000 
                                               18.000000  2.8900000  28.000000 
  36  36       24       25       M             0          Alive      1         
                                               0          0          0.0000000 
                                               1.0000000  0.0000000  0.0000000 
                                               20.000000  1.5300000  59.000000 

 PEDIGREE NUMBER 2 HAS 3 MEMBERS AND NAME L.

      ID       PARENT   IDS      SEX    TWIN   proband    l_status   mna_vars
                                               oth_vars   f_grade    female  
                                               n_lmna_v   n_oth_va   grade   
                                               age_echo   lvedd_z    lvef    
 
   1  1                          M             0          Deceased             
                                                                     0.0000000 
                                                                               
                                                                               
   2  2                          F             0          Alive      0         
                                               4          4          1.0000000 
                                               0.0000000  4.0000000  4.0000000 
                                               59.000000             20.000000 
   3  3        1        2        M             1          Alive      1         
                                               4          3          0.0000000 
                                               1.0000000  4.0000000  3.0000000 
                                               42.000000  4.4600000  24.000000 

 PEDIGREE NUMBER 3 HAS 13 MEMBERS AND NAME O.

      ID       PARENT   IDS      SEX    TWIN   proband    l_status   mna_vars
                                               oth_vars   f_grade    female  
                                               n_lmna_v   n_oth_va   grade   
                                               age_echo   lvedd_z    lvef    
 
   1  1                          M             0          Alive      0         
                                               0          3          0.0000000 
                                               0.0000000  0.0000000  3.0000000 
                                               65.000000             30.000000 
   2  2                          F             0          Alive      0         
                                               1          3          1.0000000 
                                               0.0000000  1.0000000  3.0000000 
                                                          4.7400000  20.000000 
   3  3        12       13       M             0          Alive      1         
                                                          0          0.0000000 
                                               1.0000000             0.0000000 
                                               75.000000                       
   4  4                          F             0          Alive      0         
                                                          0          1.0000000 
                                               0.0000000             0.0000000 
                                               61.000000  -3.0900000 70.000000 
   5  5        12       13       M             0          Alive                
                                                                     0.0000000 
                                                                               
                                                                               
   6  6        1        2        M             0          Deceased             
                                                          4          0.0000000 
                                                                     4.0000000 
                                               32.000000  4.3600000  8.0000000 
   7  7                          F             0          Deceased             
                                                                     1.0000000 
                                                                               
                                                                               
   8  8        1        2        M             0          Deceased   0         
                                               1          4          0.0000000 
                                               0.0000000  1.0000000  4.0000000 
                                                                               
   9  9        3        4        F             0          Alive      1         
                                               0          0          1.0000000 
                                               1.0000000  0.0000000  0.0000000 
                                               43.000000  -1.7500000 57.000000 
  10  10       7        8        M             0          Alive      0         
                                               1          0          0.0000000 
                                               0.0000000  1.0000000  0.0000000 
                                               21.000000  1.9000000  58.000000 
  11  11       8        9        M             1          Deceased   1         
                                               1          4          0.0000000 
                                               1.0000000  1.0000000  4.0000000 
                                               15.000000  5.2900000  22.000000 
  12  12                         M             0                               
                                                                     0.0000000 
                                                                               
                                                                               
  13  13                         F             0                               
                                                                     1.0000000 
                                                                               
                                                                               

 PEDIGREE NUMBER 4 HAS 25 MEMBERS AND NAME P.

      ID       PARENT   IDS      SEX    TWIN   proband    l_status   mna_vars
                                               oth_vars   f_grade    female  
                                               n_lmna_v   n_oth_va   grade   
                                               age_echo   lvedd_z    lvef    
 
   1  1        24       25       M             0          Deceased   1         
                                                                     0.0000000 
                                               1.0000000                       
                                                                               
   2  2                          F             0          Deceased             
                                                                     1.0000000 
                                                                               
                                                                               
   3  3        24       25       M             0          Deceased   1         
                                                                     0.0000000 
                                               1.0000000                       
                                                                               
   4  4                          F             0          Deceased             
                                                                     1.0000000 
                                                                               
                                                                               
   5  5                          M             0          Deceased             
                                                                     0.0000000 
                                                                               
                                                                               
   6  6        24       25       F             0          Deceased             
                                                                     1.0000000 
                                                                               
                                                                               
   7  7                          M             0          Alive                
                                                                     0.0000000 
                                                                               
                                                                               
   8  8        1        2        F             0          Deceased   1         
                                                                     1.0000000 
                                               1.0000000                       
                                                                               
   9  9        3        4        F             0          Deceased             
                                                                     1.0000000 
                                                                               
                                                                               
  10  10       3        4        M             0          Deceased   1         
                                                          3          0.0000000 
                                               1.0000000             3.0000000 
                                               57.000000  4.2300000  47.000000 
  11  11                         F             0          Alive      0         
                                               1                     1.0000000 
                                               0.0000000  1.0000000            
                                                                               
  12  12       5        6        M             0          Deceased             
                                                                     0.0000000 
                                                                               
                                                                               
  13  13                         F             0          Alive                
                                                                     1.0000000 
                                                                               
                                                                               
  14  14       7        8        F             0          Alive      1         
                                                          1          1.0000000 
                                               1.0000000             1.0000000 
                                               35.000000  1.7800000            
  15  15       7        8        F             0          Alive                
                                                                     1.0000000 
                                                                               
                                                                               
  16  16       7        8        F             0          Alive      1         
                                                          1          1.0000000 
                                               1.0000000             1.0000000 
                                               40.000000  2.1400000  55.000000 
  17  17                         M             0          Alive                
                                                                     0.0000000 
                                                                               
                                                                               
  18  18       10       11       F             1          Alive      1         
                                               1          4          1.0000000 
                                               1.0000000  1.0000000  4.0000000 
                                               48.000000  5.1100000  31.000000 
  19  19       10       11       M             0          Deceased             
                                                                     0.0000000 
                                                                               
                                                                               
  20  20       10       11       F             0          Alive      1         
                                               1          1          1.0000000 
                                               1.0000000  1.0000000  1.0000000 
                                               56.000000  2.0000000  50.000000 
  21  21       12       13       F             0          Deceased             
                                                                     1.0000000 
                                                                               
                                                                               
  22  22       17       18       M             0          Alive      0         
                                               0          2          0.0000000 
                                               0.0000000  0.0000000  2.0000000 
                                               27.000000  3.7300000  45.000000 
  23  23       17       18       F             0          Deceased   1         
                                               1          4          1.0000000 
                                               1.0000000  1.0000000  4.0000000 
                                               22.000000  5.8300000  15.000000 
  24  24                         M             0                               
                                                                     0.0000000 
                                                                               
                                                                               
  25  25                         F             0                               
                                                                     1.0000000 
                                                                               
                                                                               

 PEDIGREE NUMBER 5 HAS 11 MEMBERS AND NAME S.

      ID       PARENT   IDS      SEX    TWIN   proband    l_status   mna_vars
                                               oth_vars   f_grade    female  
                                               n_lmna_v   n_oth_va   grade   
                                               age_echo   lvedd_z    lvef    
 
   1  1                          M             0          Deceased             
                                                                     0.0000000 
                                                                               
                                                                               
   2  2                          F             0          Deceased             
                                                                     1.0000000 
                                                                               
                                                                               
   3  3                          M             0          Deceased             
                                                                     0.0000000 
                                                                               
                                                                               
   4  4                          F             0          Deceased             
                                                                     1.0000000 
                                                                               
                                                                               
   5  5        1        2        M             0          Deceased   1         
                                               1          4          0.0000000 
                                               1.0000000  1.0000000  4.0000000 
                                               72.000000  2.8000000  25.000000 
   6  6        1        2        M             0          Deceased   1         
                                               0          1          0.0000000 
                                               1.0000000  0.0000000  1.0000000 
                                               82.000000             45.000000 
   7  7        3        4        F             0          Deceased   0         
                                               1          4          1.0000000 
                                               0.0000000  1.0000000  4.0000000 
                                               82.000000  6.7500000  15.000000 
   8  8        6        7        F             0          Alive      0         
                                               1          4          1.0000000 
                                               0.0000000  1.0000000  4.0000000 
                                               53.000000  4.7300000  40.000000 
   9  9        6        7        M             1          Alive      1         
                                               1          4          0.0000000 
                                               1.0000000  1.0000000  4.0000000 
                                               54.000000  4.8500000  20.000000 
  10  10       6        7        F             0          Alive      0         
                                               1          4          1.0000000 
                                               0.0000000  1.0000000  4.0000000 
                                               45.000000  3.9900000  17.000000 
  11  11       6        7        F             0          Alive      1         
                                               0          3          1.0000000 
                                               1.0000000  0.0000000  3.0000000 
                                               45.000000  2.2400000  36.000000 


 TOTALS:    PEDIGREES  FAMILIES  PEOPLE  FEMALES   MALES   MZTWINS  FOUNDERS
                  5       27       88       43       45        0       32
            PROBANDS
                  5

 
 TALLIES FOR THE PHENOTYPES:

 FACTOR               CATEGORY      COUNT

  proband             0               83
  proband             1                5

 FACTOR               CATEGORY      COUNT

  vital_status        MISSING          4
  vital_status        Alive           51
  vital_status        Deceased        33

 FACTOR               CATEGORY      COUNT

  f_lmna_vars         MISSING         38
  f_lmna_vars         0               25
  f_lmna_vars         1               25

 FACTOR               CATEGORY      COUNT

  f_oth_vars          MISSING         44
  f_oth_vars          0               14
  f_oth_vars          1               28
  f_oth_vars          4                2

 FACTOR               CATEGORY      COUNT

  f_grade             MISSING         40
  f_grade             0               13
  f_grade             1                9
  f_grade             2                3
  f_grade             3                8
  f_grade             4               15

 
 DESCRIPTIVE STATISTICS FOR THE QUANTITATIVE VARIABLES:
 
 VARIABLE             female     n_lmna_v     n_oth_va        grade     age_echo
                     lvedd_z         lvef
 
 MEAN                0.48864      0.50000      0.81818      2.06250     -0.00000
                     2.64425     41.65909
 STD DEVIATION       0.49987      0.50000      0.83320      1.63817      1.00000
                     2.08336     18.81240
 SKEWNESS            0.04547      0.00000      2.23673     -0.04343      0.60301
                    -0.37323     -0.10192
 KURTOSIS            1.00207      1.00000      9.96429      1.34306      2.63248
                     3.19731      1.51619
 MINIMUM             0.00000      0.00000      0.00000      0.00000     -1.48905
                    -3.09000      8.00000
 MEDIAN              0.00000      0.50000      1.00000      2.00000     -0.11572
                     2.43000     45.00000
 MAXIMUM             1.00000      1.00000      4.00000      4.00000      2.34485
                     6.75000     70.00000
 VALUES PRESENT           88           50           44           48           45
                          40           44
 VALUES MISSING            0           38           44           40           43
                          48           44
 TRANSFORM              NONE         NONE         NONE         NONE  STANDARDIZE
                        NONE         NONE
 
 INITIALIZATION RUN TIME  :  0.130 SECONDS

        MENDEL DATA INITIALIZATION COMPLETED.

 *********************************************************************
 
 ANALYSIS OF INPUT DATA: 

                        POLYGENIC-QTL OPTION

                         OPTIMIZATION PROBLEM 1     

 GRID OR SEARCH OPTION: SEARCH
 LOG BASE:  E

 PARAMETER MINIMA AND MAXIMA:

     PAR 01       PAR 02       PAR 03       PAR 04       PAR 05       PAR 06  
     PAR 07       PAR 08       PAR 09       PAR 10       PAR 11       PAR 12  
     PAR 13       PAR 14       PAR 15       PAR 16       PAR 17       PAR 18  
     PAR 19       PAR 20       PAR 21       PAR 22       PAR 23       PAR 24  
     PAR 25       PAR 26       PAR 27  

    -INFINITY    -INFINITY    -INFINITY    -INFINITY    -INFINITY    -INFINITY
    -INFINITY    -INFINITY    -INFINITY    -INFINITY    -INFINITY    -INFINITY
    -INFINITY    -INFINITY    -INFINITY     0.001000    -INFINITY     0.001000
    -INFINITY    -INFINITY     0.001000     0.003375    -INFINITY     0.028992
    -INFINITY    -INFINITY     0.002636

     INFINITY     INFINITY     INFINITY     INFINITY     INFINITY     INFINITY
     INFINITY     INFINITY     INFINITY     INFINITY     INFINITY     INFINITY
     INFINITY     INFINITY     INFINITY     INFINITY     INFINITY     INFINITY
     INFINITY     INFINITY     INFINITY     INFINITY     INFINITY     INFINITY
     INFINITY     INFINITY     INFINITY

 ITER  STEPS  LOGLIKELIHOOD    PAR 01       PAR 02       PAR 03       PAR 04  
                               PAR 05       PAR 06       PAR 07       PAR 08  
                               PAR 09       PAR 10       PAR 11       PAR 12  
                               PAR 13       PAR 14       PAR 15       PAR 16  
                               PAR 17       PAR 18       PAR 19       PAR 20  
                               PAR 21       PAR 22       PAR 23       PAR 24  
                               PAR 25       PAR 26       PAR 27  

   1     0   -0.1472378E+03  0.2497E+01   0.4948E+02   0.1534E+01  -0.3102E+00
                             0.7093E+00  -0.3401E+00   0.9017E+00   0.2051E+01
                            -0.5515E+01  -0.3516E+01  -0.8398E+01  -0.6880E-01
                             0.6577E+00   0.7310E-01   0.5947E+00   0.1000E-02
                             0.0000E+00   0.1000E-02   0.0000E+00   0.0000E+00
                             0.1000E-02   0.1688E+01   0.0000E+00   0.1450E+02
                             0.0000E+00   0.0000E+00   0.1318E+01

   2     1   -0.1454415E+03  0.2497E+01   0.4948E+02   0.1534E+01  -0.3101E+00
                             0.7094E+00  -0.3404E+00   0.9018E+00   0.2051E+01
                            -0.5515E+01  -0.3513E+01  -0.8398E+01  -0.6879E-01
                             0.6577E+00   0.7276E-01   0.5947E+00   0.1753E-01
                            -0.2265E+01   0.9516E+01   0.1242E+00  -0.6754E+00
                             0.1000E-02   0.1688E+01  -0.3818E-02   0.1450E+02
                             0.4439E-03  -0.5412E-03   0.1318E+01

   3     3   -0.1454436E+03  0.2497E+01   0.4948E+02   0.1534E+01  -0.3101E+00
                             0.7094E+00  -0.3404E+00   0.9019E+00   0.2051E+01
                            -0.5516E+01  -0.3513E+01  -0.8398E+01  -0.6879E-01
                             0.6577E+00   0.7275E-01   0.5947E+00   0.1990E-01
                            -0.2360E+01   0.9516E+01   0.1303E+00  -0.7001E+00
                             0.1000E-02   0.1688E+01  -0.3994E-02   0.1450E+02
                             0.4635E-03  -0.5658E-03   0.1318E+01

   4     2   -0.1454278E+03  0.2497E+01   0.4948E+02   0.1534E+01  -0.3101E+00
                             0.7094E+00  -0.3405E+00   0.9019E+00   0.2051E+01
                            -0.5516E+01  -0.3511E+01  -0.8398E+01  -0.6879E-01
                             0.6578E+00   0.7260E-01   0.5947E+00   0.4380E-01
                            -0.3312E+01   0.9691E+01   0.1917E+00  -0.7035E+00
                             0.1000E-02   0.1688E+01  -0.5750E-02   0.1450E+02
                             0.6598E-03  -0.8298E-03   0.1318E+01

   5     3   -0.1454272E+03  0.2497E+01   0.4948E+02   0.1534E+01  -0.3101E+00
                             0.7094E+00  -0.3405E+00   0.9019E+00   0.2051E+01
                            -0.5516E+01  -0.3511E+01  -0.8398E+01  -0.6879E-01
                             0.6578E+00   0.7259E-01   0.5947E+00   0.5294E-01
                            -0.3323E+01   0.9825E+01   0.1919E+00  -0.7096E+00
                             0.1000E-02   0.1688E+01  -0.5748E-02   0.1450E+02
                             0.6601E-03  -0.8300E-03   0.1318E+01

   6     3   -0.1454269E+03  0.2497E+01   0.4948E+02   0.1534E+01  -0.3101E+00
                             0.7094E+00  -0.3405E+00   0.9019E+00   0.2051E+01
                            -0.5516E+01  -0.3511E+01  -0.8398E+01  -0.6879E-01
                             0.6578E+00   0.7259E-01   0.5947E+00   0.5626E-01
                            -0.3433E+01   0.9825E+01   0.1918E+00  -0.7091E+00
                             0.1000E-02   0.1688E+01  -0.5692E-02   0.1450E+02
                             0.6612E-03  -0.8311E-03   0.1318E+01

   7     2   -0.1454245E+03  0.2497E+01   0.4948E+02   0.1534E+01  -0.3101E+00
                             0.7094E+00  -0.3405E+00   0.9019E+00   0.2051E+01
                            -0.5516E+01  -0.3511E+01  -0.8398E+01  -0.6879E-01
                             0.6578E+00   0.7259E-01   0.5947E+00   0.8289E-01
                            -0.4385E+01   0.1009E+02   0.2527E+00  -0.7162E+00
                             0.1000E-02   0.1688E+01  -0.5254E-02   0.1450E+02
                             0.6373E-03  -0.8448E-03   0.1318E+01

   8     2   -0.1452197E+03  0.2496E+01   0.4947E+02   0.1534E+01  -0.3097E+00
                             0.7096E+00  -0.3425E+00   0.9029E+00   0.2051E+01
                            -0.5526E+01  -0.3485E+01  -0.8393E+01  -0.6848E-01
                             0.6586E+00   0.6986E-01   0.5941E+00   0.2249E+00
                            -0.7702E+01   0.1065E+02   0.4478E+00  -0.7299E+00
                             0.2931E-01   0.1687E+01  -0.4623E-01   0.1450E+02
                             0.4674E-02  -0.5678E-02   0.1318E+01

   9     0   -0.1269151E+03  0.2319E+01   0.5012E+02   0.1462E+01  -0.2149E+00
                             0.7602E+00  -0.7811E+00   0.1128E+01   0.4897E+01
                            -0.3648E+01  -0.2124E+01  -0.1079E+02  -0.2303E+00
                             0.5253E+00  -0.1795E+00   0.7466E+00   0.3957E+00
                            -0.8033E+01   0.5681E+01   0.4656E+00  -0.3211E+00
                             0.1000E-02   0.1652E+01  -0.3204E+01   0.1104E+02
                             0.4270E+00  -0.4069E+00   0.1036E+01

  10     2   -0.1258692E+03  0.2315E+01   0.5008E+02   0.1468E+01  -0.2312E+00
                             0.7292E+00  -0.7817E+00   0.1139E+01   0.4966E+01
                            -0.3695E+01  -0.1723E+01  -0.1083E+02  -0.2251E+00
                             0.5366E+00  -0.1957E+00   0.7413E+00   0.3548E+00
                            -0.6717E+01   0.5205E+01   0.4046E+00  -0.3075E+00
                             0.3256E+00   0.1630E+01  -0.3630E+01   0.1074E+02
                             0.4538E+00  -0.4342E+00   0.9789E+00

  11     0   -0.1220794E+03  0.2280E+01   0.4969E+02   0.1516E+01  -0.3640E+00
                             0.4713E+00  -0.7936E+00   0.1238E+01   0.5518E+01
                            -0.4157E+01   0.1782E+01  -0.1108E+02  -0.1807E+00
                             0.6338E+00  -0.3383E+00   0.6964E+00   0.4590E+00
                            -0.8038E+01   0.3039E+01   0.6342E+00  -0.2371E+00
                             0.1306E+00   0.1459E+01  -0.7375E+01   0.8149E+01
                             0.6933E+00  -0.6752E+00   0.4994E+00

  12     1   -0.1151141E+03  0.2312E+01   0.4952E+02   0.1507E+01  -0.3958E+00
                             0.4668E+00  -0.8078E+00   0.1230E+01   0.5044E+01
                            -0.4451E+01   0.1055E+01  -0.1066E+02  -0.1977E+00
                             0.6223E+00  -0.4032E+00   0.7112E+00   0.6357E+00
                            -0.1242E+02   0.3983E+01   0.7437E+00  -0.1129E+00
                             0.2345E+00   0.1439E+01  -0.6464E+01   0.8633E+01
                             0.7617E+00  -0.5799E+00   0.5739E+00

  13     1   -0.1137822E+03  0.2303E+01   0.4906E+02   0.1471E+01  -0.3633E+00
                             0.4915E+00  -0.8949E+00   0.1237E+01   0.4911E+01
                            -0.4914E+01   0.1252E+01  -0.1035E+02  -0.2227E+00
                             0.5833E+00  -0.3968E+00   0.7360E+00   0.4932E+00
                            -0.7886E+01   0.3508E+01   0.4077E+00  -0.1205E+00
                             0.1534E+00   0.1480E+01  -0.6260E+01   0.8693E+01
                             0.8156E+00  -0.5189E+00   0.5866E+00

  14     0   -0.1133833E+03  0.2184E+01   0.4907E+02   0.1602E+01  -0.3693E+00
                             0.3811E+00  -0.1098E+01   0.1343E+01   0.4720E+01
                            -0.5113E+01   0.1354E+01  -0.1019E+02  -0.1660E+00
                             0.7084E+00  -0.4400E+00   0.6281E+00   0.5202E+00
                            -0.7646E+01   0.3539E+01   0.3404E+00  -0.1208E+00
                             0.3134E-01   0.1513E+01  -0.7170E+01   0.8990E+01
                             0.8491E+00  -0.3716E+00   0.5313E+00

  15     0   -0.1127865E+03  0.2273E+01   0.4858E+02   0.1517E+01  -0.3642E+00
                             0.4206E+00  -0.1079E+01   0.1262E+01   0.4523E+01
                            -0.5560E+01   0.1442E+01  -0.9690E+01  -0.1809E+00
                             0.6511E+00  -0.4299E+00   0.6893E+00   0.5678E+00
                            -0.9176E+01   0.3519E+01   0.5375E+00  -0.1513E+00
                             0.5607E-01   0.1506E+01  -0.7029E+01   0.8701E+01
                             0.8523E+00  -0.4199E+00   0.5406E+00

  16     0   -0.1125695E+03  0.2244E+01   0.4908E+02   0.1591E+01  -0.3337E+00
                             0.4321E+00  -0.1035E+01   0.1264E+01   0.4452E+01
                            -0.5240E+01   0.1332E+01  -0.9954E+01  -0.2047E+00
                             0.6752E+00  -0.4939E+00   0.6565E+00   0.5726E+00
                            -0.8860E+01   0.3401E+01   0.4987E+00  -0.1157E+00
                             0.3675E-01   0.1517E+01  -0.7058E+01   0.8495E+01
                             0.8578E+00  -0.4340E+00   0.5546E+00

  17     0   -0.1124990E+03  0.2260E+01   0.4888E+02   0.1568E+01  -0.3456E+00
                             0.4372E+00  -0.1050E+01   0.1259E+01   0.4586E+01
                            -0.5280E+01   0.1645E+01  -0.9898E+01  -0.1790E+00
                             0.6739E+00  -0.4664E+00   0.6560E+00   0.5778E+00
                            -0.8905E+01   0.3350E+01   0.4964E+00  -0.1102E+00
                             0.3705E-01   0.1519E+01  -0.7083E+01   0.8469E+01
                             0.8600E+00  -0.4333E+00   0.5534E+00

  18     1   -0.1124762E+03  0.2261E+01   0.4887E+02   0.1579E+01  -0.3384E+00
                             0.4362E+00  -0.1054E+01   0.1251E+01   0.4373E+01
                            -0.5391E+01   0.1691E+01  -0.9758E+01  -0.1918E+00
                             0.6779E+00  -0.4861E+00   0.6554E+00   0.5803E+00
                            -0.8917E+01   0.3262E+01   0.4945E+00  -0.1128E+00
                             0.3777E-01   0.1522E+01  -0.7149E+01   0.8445E+01
                             0.8604E+00  -0.4307E+00   0.5423E+00

  19     0   -0.1124514E+03  0.2259E+01   0.4887E+02   0.1599E+01  -0.3346E+00
                             0.4315E+00  -0.1087E+01   0.1250E+01   0.4338E+01
                            -0.5515E+01   0.1672E+01  -0.9690E+01  -0.1714E+00
                             0.6937E+00  -0.5104E+00   0.6293E+00   0.5666E+00
                            -0.8888E+01   0.3216E+01   0.5072E+00  -0.1103E+00
                             0.1910E-01   0.1526E+01  -0.7069E+01   0.8347E+01
                             0.8727E+00  -0.4295E+00   0.5339E+00

  20     0   -0.1124239E+03  0.2259E+01   0.4882E+02   0.1593E+01  -0.3274E+00
                             0.4346E+00  -0.1087E+01   0.1248E+01   0.4363E+01
                            -0.5496E+01   0.1739E+01  -0.9682E+01  -0.1756E+00
                             0.6915E+00  -0.5010E+00   0.6339E+00   0.5728E+00
                            -0.8918E+01   0.3188E+01   0.5043E+00  -0.1130E+00
                             0.2006E-01   0.1527E+01  -0.7106E+01   0.8351E+01
                             0.8664E+00  -0.4309E+00   0.5370E+00

  21     1   -0.1124159E+03  0.2267E+01   0.4880E+02   0.1589E+01  -0.3315E+00
                             0.4430E+00  -0.1076E+01   0.1240E+01   0.4404E+01
                            -0.5478E+01   0.1826E+01  -0.9666E+01  -0.1668E+00
                             0.6911E+00  -0.5057E+00   0.6349E+00   0.5743E+00
                            -0.8929E+01   0.3170E+01   0.5025E+00  -0.1067E+00
                             0.1996E-01   0.1526E+01  -0.7113E+01   0.8342E+01
                             0.8699E+00  -0.4312E+00   0.5336E+00

  22     0   -0.1123915E+03  0.2272E+01   0.4881E+02   0.1590E+01  -0.3284E+00
                             0.4489E+00  -0.1081E+01   0.1235E+01   0.4278E+01
                            -0.5510E+01   0.2102E+01  -0.9620E+01  -0.1680E+00
                             0.6932E+00  -0.4971E+00   0.6294E+00   0.5786E+00
                            -0.8984E+01   0.3101E+01   0.5044E+00  -0.1026E+00
                             0.1620E-01   0.1524E+01  -0.7114E+01   0.8281E+01
                             0.8734E+00  -0.4332E+00   0.5305E+00

  23     2   -0.1123831E+03  0.2270E+01   0.4877E+02   0.1587E+01  -0.3288E+00
                             0.4460E+00  -0.1083E+01   0.1236E+01   0.4369E+01
                            -0.5528E+01   0.2026E+01  -0.9606E+01  -0.1577E+00
                             0.6945E+00  -0.5056E+00   0.6287E+00   0.5793E+00
                            -0.8956E+01   0.3093E+01   0.5015E+00  -0.1070E+00
                             0.1561E-01   0.1526E+01  -0.7130E+01   0.8272E+01
                             0.8684E+00  -0.4337E+00   0.5319E+00

  24     0   -0.1123689E+03  0.2273E+01   0.4873E+02   0.1584E+01  -0.3083E+00
                             0.4543E+00  -0.1101E+01   0.1220E+01   0.4422E+01
                            -0.5514E+01   0.2093E+01  -0.9552E+01  -0.1562E+00
                             0.6998E+00  -0.5047E+00   0.6296E+00   0.5836E+00
                            -0.9012E+01   0.3048E+01   0.5053E+00  -0.1060E+00
                             0.7224E-02   0.1528E+01  -0.7126E+01   0.8242E+01
                             0.8673E+00  -0.4356E+00   0.5306E+00

  25     2   -0.1123646E+03  0.2270E+01   0.4874E+02   0.1586E+01  -0.3142E+00
                             0.4549E+00  -0.1096E+01   0.1227E+01   0.4399E+01
                            -0.5544E+01   0.2147E+01  -0.9578E+01  -0.1531E+00
                             0.6973E+00  -0.5064E+00   0.6232E+00   0.5859E+00
                            -0.9037E+01   0.3034E+01   0.5060E+00  -0.1066E+00
                             0.8295E-02   0.1528E+01  -0.7134E+01   0.8234E+01
                             0.8664E+00  -0.4354E+00   0.5302E+00

  26     0   -0.1123591E+03  0.2272E+01   0.4873E+02   0.1579E+01  -0.3260E+00
                             0.4498E+00  -0.1090E+01   0.1230E+01   0.4281E+01
                            -0.5576E+01   0.2368E+01  -0.9510E+01  -0.1480E+00
                             0.7013E+00  -0.5048E+00   0.6226E+00   0.5894E+00
                            -0.9031E+01   0.2996E+01   0.5034E+00  -0.1082E+00
                             0.6214E-02   0.1527E+01  -0.7119E+01   0.8170E+01
                             0.8658E+00  -0.4361E+00   0.5305E+00

  27     0   -0.1123568E+03  0.2272E+01   0.4874E+02   0.1580E+01  -0.3224E+00
                             0.4516E+00  -0.1094E+01   0.1228E+01   0.4302E+01
                            -0.5577E+01   0.2345E+01  -0.9514E+01  -0.1483E+00
                             0.7006E+00  -0.5053E+00   0.6226E+00   0.5900E+00
                            -0.9045E+01   0.2991E+01   0.5044E+00  -0.1079E+00
                             0.5895E-02   0.1527E+01  -0.7122E+01   0.8173E+01
                             0.8656E+00  -0.4362E+00   0.5303E+00

  28     1   -0.1123561E+03  0.2273E+01   0.4874E+02   0.1579E+01  -0.3193E+00
                             0.4529E+00  -0.1097E+01   0.1227E+01   0.4321E+01
                            -0.5568E+01   0.2348E+01  -0.9525E+01  -0.1479E+00
                             0.7016E+00  -0.5054E+00   0.6212E+00   0.5908E+00
                            -0.9058E+01   0.2988E+01   0.5052E+00  -0.1072E+00
                             0.5359E-02   0.1527E+01  -0.7120E+01   0.8172E+01
                             0.8655E+00  -0.4364E+00   0.5298E+00

  29     0   -0.1123527E+03  0.2271E+01   0.4873E+02   0.1578E+01  -0.3151E+00
                             0.4556E+00  -0.1100E+01   0.1225E+01   0.4329E+01
                            -0.5572E+01   0.2396E+01  -0.9514E+01  -0.1471E+00
                             0.7023E+00  -0.5065E+00   0.6203E+00   0.5935E+00
                            -0.9098E+01   0.2964E+01   0.5079E+00  -0.1071E+00
                             0.3320E-02   0.1528E+01  -0.7111E+01   0.8159E+01
                             0.8645E+00  -0.4367E+00   0.5295E+00

  30     0   -0.1123500E+03  0.2283E+01   0.4892E+02   0.1571E+01  -0.3070E+00
                             0.4588E+00  -0.1136E+01   0.1215E+01   0.4364E+01
                            -0.5598E+01   0.2418E+01  -0.9526E+01  -0.1436E+00
                             0.7009E+00  -0.5089E+00   0.6201E+00   0.6048E+00
                            -0.9226E+01   0.2846E+01   0.5120E+00  -0.1029E+00
                             0.1614E-02   0.1524E+01  -0.7100E+01   0.8073E+01
                             0.8629E+00  -0.4387E+00   0.5279E+00

  31     0   -0.1123460E+03  0.2273E+01   0.4884E+02   0.1573E+01  -0.3055E+00
                             0.4604E+00  -0.1124E+01   0.1216E+01   0.4366E+01
                            -0.5588E+01   0.2479E+01  -0.9511E+01  -0.1445E+00
                             0.7021E+00  -0.5098E+00   0.6194E+00   0.6041E+00
                            -0.9235E+01   0.2858E+01   0.5146E+00  -0.1043E+00
                             0.1000E-02   0.1526E+01  -0.7082E+01   0.8092E+01
                             0.8619E+00  -0.4380E+00   0.5282E+00

  32     0   -0.1123414E+03  0.2264E+01   0.4891E+02   0.1568E+01  -0.3032E+00
                             0.4647E+00  -0.1130E+01   0.1217E+01   0.4392E+01
                            -0.5567E+01   0.2596E+01  -0.9507E+01  -0.1457E+00
                             0.7026E+00  -0.5148E+00   0.6193E+00   0.6140E+00
                            -0.9397E+01   0.2765E+01   0.5270E+00  -0.1037E+00
                             0.1000E-02   0.1526E+01  -0.7002E+01   0.8061E+01
                             0.8563E+00  -0.4369E+00   0.5283E+00

  33     1   -0.1123387E+03  0.2253E+01   0.4894E+02   0.1564E+01  -0.2966E+00
                             0.4585E+00  -0.1127E+01   0.1210E+01   0.4485E+01
                            -0.5561E+01   0.2651E+01  -0.9567E+01  -0.1486E+00
                             0.7005E+00  -0.5181E+00   0.6213E+00   0.6193E+00
                            -0.9491E+01   0.2679E+01   0.5324E+00  -0.9929E-01
                             0.2057E-02   0.1521E+01  -0.6967E+01   0.8020E+01
                             0.8555E+00  -0.4350E+00   0.5288E+00

  34     0   -0.1123329E+03  0.2247E+01   0.4907E+02   0.1557E+01  -0.3031E+00
                             0.4565E+00  -0.1132E+01   0.1212E+01   0.4508E+01
                            -0.5520E+01   0.2681E+01  -0.9614E+01  -0.1514E+00
                             0.6981E+00  -0.5220E+00   0.6240E+00   0.6281E+00
                            -0.9643E+01   0.2570E+01   0.5426E+00  -0.9531E-01
                             0.1000E-02   0.1518E+01  -0.6881E+01   0.7980E+01
                             0.8506E+00  -0.4337E+00   0.5292E+00

  35     0   -0.1123221E+03  0.2196E+01   0.4944E+02   0.1533E+01  -0.3032E+00
                             0.4382E+00  -0.1135E+01   0.1257E+01   0.4805E+01
                            -0.5424E+01   0.2864E+01  -0.9703E+01  -0.1696E+00
                             0.6889E+00  -0.5340E+00   0.6370E+00   0.6663E+00
                            -0.1018E+02   0.2188E+01   0.5881E+00  -0.8295E-01
                             0.2774E-02   0.1506E+01  -0.6482E+01   0.7845E+01
                             0.8301E+00  -0.4233E+00   0.5298E+00

  36     0   -0.1123184E+03  0.2201E+01   0.4947E+02   0.1532E+01  -0.3073E+00
                             0.4396E+00  -0.1137E+01   0.1250E+01   0.4778E+01
                            -0.5412E+01   0.2844E+01  -0.9723E+01  -0.1689E+00
                             0.6886E+00  -0.5335E+00   0.6370E+00   0.6664E+00
                            -0.1018E+02   0.2187E+01   0.5872E+00  -0.8321E-01
                             0.2718E-02   0.1506E+01  -0.6488E+01   0.7843E+01
                             0.8300E+00  -0.4239E+00   0.5299E+00

  37     0   -0.1123055E+03  0.2184E+01   0.4977E+02   0.1513E+01  -0.3264E+00
                             0.4323E+00  -0.1143E+01   0.1262E+01   0.4858E+01
                            -0.5283E+01   0.2843E+01  -0.9859E+01  -0.1780E+00
                             0.6803E+00  -0.5367E+00   0.6465E+00   0.6944E+00
                            -0.1050E+02   0.1962E+01   0.6125E+00  -0.7533E-01
                             0.3172E-02   0.1493E+01  -0.6265E+01   0.7740E+01
                             0.8165E+00  -0.4203E+00   0.5303E+00

  38     1   -0.1122953E+03  0.2181E+01   0.5025E+02   0.1491E+01  -0.3477E+00
                             0.4194E+00  -0.1145E+01   0.1247E+01   0.5017E+01
                            -0.5151E+01   0.2844E+01  -0.1014E+02  -0.1921E+00
                             0.6702E+00  -0.5376E+00   0.6591E+00   0.7367E+00
                            -0.1089E+02   0.1726E+01   0.6485E+00  -0.6724E-01
                             0.2252E-02   0.1480E+01  -0.5871E+01   0.7630E+01
                             0.7917E+00  -0.4144E+00   0.5306E+00

  39     0   -0.1122844E+03  0.2155E+01   0.5058E+02   0.1468E+01  -0.3704E+00
                             0.4092E+00  -0.1149E+01   0.1267E+01   0.5133E+01
                            -0.4991E+01   0.2800E+01  -0.1030E+02  -0.2037E+00
                             0.6592E+00  -0.5377E+00   0.6722E+00   0.7752E+00
                            -0.1125E+02   0.1501E+01   0.6776E+00  -0.5904E-01
                             0.2146E-02   0.1461E+01  -0.5581E+01   0.7502E+01
                             0.7743E+00  -0.4106E+00   0.5305E+00

  40     0   -0.1122772E+03  0.2122E+01   0.5088E+02   0.1444E+01  -0.3937E+00
                             0.3953E+00  -0.1146E+01   0.1293E+01   0.5297E+01
                            -0.4842E+01   0.2707E+01  -0.1051E+02  -0.2187E+00
                             0.6472E+00  -0.5326E+00   0.6896E+00   0.8247E+00
                            -0.1156E+02   0.1332E+01   0.7099E+00  -0.4998E-01
                             0.1576E-02   0.1434E+01  -0.5196E+01   0.7354E+01
                             0.7494E+00  -0.4066E+00   0.5297E+00

  41     1   -0.1122762E+03  0.2116E+01   0.5093E+02   0.1441E+01  -0.3942E+00
                             0.3924E+00  -0.1144E+01   0.1297E+01   0.5354E+01
                            -0.4824E+01   0.2710E+01  -0.1056E+02  -0.2210E+00
                             0.6458E+00  -0.5316E+00   0.6924E+00   0.8366E+00
                            -0.1170E+02   0.1279E+01   0.7177E+00  -0.5129E-01
                             0.1503E-02   0.1429E+01  -0.5109E+01   0.7338E+01
                             0.7457E+00  -0.4073E+00   0.5291E+00

  42     0   -0.1122748E+03  0.2111E+01   0.5094E+02   0.1439E+01  -0.3965E+00
                             0.3905E+00  -0.1141E+01   0.1302E+01   0.5400E+01
                            -0.4825E+01   0.2677E+01  -0.1061E+02  -0.2238E+00
                             0.6453E+00  -0.5285E+00   0.6962E+00   0.8484E+00
                            -0.1175E+02   0.1267E+01   0.7233E+00  -0.5038E-01
                             0.1000E-02   0.1422E+01  -0.5009E+01   0.7324E+01
                             0.7399E+00  -0.4086E+00   0.5284E+00

  43     0   -0.1122735E+03  0.2115E+01   0.5085E+02   0.1445E+01  -0.3986E+00
                             0.3932E+00  -0.1136E+01   0.1306E+01   0.5424E+01
                            -0.4871E+01   0.2613E+01  -0.1064E+02  -0.2251E+00
                             0.6484E+00  -0.5237E+00   0.6991E+00   0.8587E+00
                            -0.1174E+02   0.1261E+01   0.7238E+00  -0.4994E-01
                             0.1000E-02   0.1415E+01  -0.4931E+01   0.7347E+01
                             0.7361E+00  -0.4124E+00   0.5273E+00

  44     1   -0.1122730E+03  0.2119E+01   0.5079E+02   0.1449E+01  -0.3989E+00
                             0.3943E+00  -0.1137E+01   0.1307E+01   0.5417E+01
                            -0.4899E+01   0.2620E+01  -0.1063E+02  -0.2248E+00
                             0.6502E+00  -0.5246E+00   0.6984E+00   0.8562E+00
                            -0.1175E+02   0.1163E+01   0.7232E+00  -0.4287E-01
                             0.1000E-02   0.1416E+01  -0.4949E+01   0.7377E+01
                             0.7374E+00  -0.4153E+00   0.5269E+00

  45     0   -0.1122725E+03  0.2124E+01   0.5074E+02   0.1452E+01  -0.3988E+00
                             0.3966E+00  -0.1137E+01   0.1305E+01   0.5405E+01
                            -0.4920E+01   0.2614E+01  -0.1062E+02  -0.2239E+00
                             0.6520E+00  -0.5246E+00   0.6973E+00   0.8547E+00
                            -0.1172E+02   0.1095E+01   0.7203E+00  -0.4049E-01
                             0.1000E-02   0.1417E+01  -0.4969E+01   0.7407E+01
                             0.7391E+00  -0.4165E+00   0.5268E+00

  46     0   -0.1122711E+03  0.2129E+01   0.5068E+02   0.1457E+01  -0.3978E+00
                             0.3984E+00  -0.1138E+01   0.1302E+01   0.5385E+01
                            -0.4947E+01   0.2612E+01  -0.1059E+02  -0.2224E+00
                             0.6538E+00  -0.5248E+00   0.6952E+00   0.8518E+00
                            -0.1165E+02   0.7524E+00   0.7148E+00  -0.2790E-01
                             0.1000E-02   0.1418E+01  -0.5006E+01   0.7488E+01
                             0.7417E+00  -0.4187E+00   0.5269E+00

  47     0   -0.1122701E+03  0.2127E+01   0.5069E+02   0.1456E+01  -0.3972E+00
                             0.3964E+00  -0.1138E+01   0.1301E+01   0.5377E+01
                            -0.4944E+01   0.2608E+01  -0.1057E+02  -0.2220E+00
                             0.6531E+00  -0.5245E+00   0.6942E+00   0.8542E+00
                            -0.1160E+02   0.1991E+00   0.7139E+00  -0.7493E-02
                             0.1000E-02   0.1417E+01  -0.5007E+01   0.7574E+01
                             0.7415E+00  -0.4203E+00   0.5273E+00

  48     1   -0.1122700E+03  0.2125E+01   0.5070E+02   0.1455E+01  -0.3969E+00
                             0.3958E+00  -0.1137E+01   0.1301E+01   0.5373E+01
                            -0.4942E+01   0.2602E+01  -0.1057E+02  -0.2217E+00
                             0.6528E+00  -0.5239E+00   0.6942E+00   0.8553E+00
                            -0.1159E+02   0.2113E+00   0.7135E+00  -0.7851E-02
                             0.1007E-02   0.1416E+01  -0.5007E+01   0.7566E+01
                             0.7413E+00  -0.4204E+00   0.5272E+00

  49     0   -0.1122700E+03  0.2123E+01   0.5071E+02   0.1454E+01  -0.3973E+00
                             0.3953E+00  -0.1137E+01   0.1301E+01   0.5376E+01
                            -0.4941E+01   0.2601E+01  -0.1057E+02  -0.2220E+00
                             0.6526E+00  -0.5238E+00   0.6944E+00   0.8570E+00
                            -0.1159E+02   0.9680E-01   0.7143E+00  -0.3550E-02
                             0.1000E-02   0.1415E+01  -0.4997E+01   0.7574E+01
                             0.7407E+00  -0.4206E+00   0.5272E+00

  50     0   -0.1122699E+03  0.2122E+01   0.5072E+02   0.1453E+01  -0.3978E+00
                             0.3955E+00  -0.1137E+01   0.1302E+01   0.5379E+01
                            -0.4943E+01   0.2603E+01  -0.1058E+02  -0.2223E+00
                             0.6527E+00  -0.5240E+00   0.6946E+00   0.8580E+00
                            -0.1159E+02   0.3590E-01   0.7149E+00  -0.1402E-02
                             0.1000E-02   0.1415E+01  -0.4991E+01   0.7574E+01
                             0.7403E+00  -0.4206E+00   0.5272E+00

  51     1   -0.1122699E+03  0.2122E+01   0.5072E+02   0.1453E+01  -0.3978E+00
                             0.3957E+00  -0.1137E+01   0.1302E+01   0.5380E+01
                            -0.4945E+01   0.2603E+01  -0.1058E+02  -0.2224E+00
                             0.6529E+00  -0.5240E+00   0.6947E+00   0.8578E+00
                            -0.1159E+02   0.2817E-01   0.7146E+00  -0.9855E-03
                             0.1000E-02   0.1415E+01  -0.4990E+01   0.7571E+01
                             0.7404E+00  -0.4208E+00   0.5271E+00

 THE MAXIMUM LOGLIKELIHOOD -0.1122699E+03 OCCURS AT ITERATION  51.

 ASYMPTOTIC STANDARD ERRORS OF THE PARAMETERS:

     PAR 01       PAR 02       PAR 03       PAR 04       PAR 05       PAR 06  
     PAR 07       PAR 08       PAR 09       PAR 10       PAR 11       PAR 12  
     PAR 13       PAR 14       PAR 15       PAR 16       PAR 17       PAR 18  
     PAR 19       PAR 20       PAR 21       PAR 22       PAR 23       PAR 24  
     PAR 25       PAR 26       PAR 27  

   0.8531E+00   0.8518E+01   0.6258E+00   0.6693E+00   0.3683E+00   0.6438E+00
   0.6049E+00   0.5481E+01   0.3224E+01   0.5617E+01   0.5036E+01   0.4811E+00
   0.2642E+00   0.4708E+00   0.3980E+00   0.8727E+00   0.6970E+01   0.1767E+02
   0.5847E+00   0.7044E+00   0.0000E+00   0.4540E+00   0.6427E+01   0.4636E+01
   0.4020E+00   0.2186E+00   0.9003E-01

 ASYMPTOTIC CORRELATION MATRIX OF THE PARAMETERS:

     PAR 01       PAR 02       PAR 03       PAR 04       PAR 05       PAR 06  
     PAR 07       PAR 08       PAR 09       PAR 10       PAR 11       PAR 12  
     PAR 13       PAR 14       PAR 15       PAR 16       PAR 17       PAR 18  
     PAR 19       PAR 20       PAR 21       PAR 22       PAR 23       PAR 24  
     PAR 25       PAR 26       PAR 27  

     1.0000

    -0.8073       1.0000

     0.8587      -0.9304       1.0000

    -0.0263      -0.1346       0.0681       1.0000

     0.5049      -0.4258       0.4337       0.2005       1.0000

    -0.2156       0.0546      -0.1344       0.0544       0.0285       1.0000

    -0.6241       0.4463      -0.4731      -0.3304      -0.4187       0.0640
     1.0000

    -0.1294       0.1230      -0.1044      -0.6932      -0.2506      -0.0383
     0.3164       1.0000

    -0.3928       0.5153      -0.4834      -0.1890      -0.6896      -0.0429
     0.2862       0.2605       1.0000

     0.1033      -0.1242       0.1325      -0.0126      -0.0313      -0.6851
    -0.0560       0.0164       0.0512       1.0000

     0.5377      -0.6387       0.5999       0.3419       0.3709      -0.0307
    -0.6805      -0.4489      -0.4225       0.0939       1.0000

     0.0978      -0.1497       0.0587       0.8053       0.2649       0.0395
    -0.3359      -0.8459      -0.2540      -0.0187       0.4029       1.0000

     0.4153      -0.4876       0.4932       0.2092       0.7925       0.0283
    -0.3168      -0.2502      -0.8879      -0.0402       0.4036       0.2655
     1.0000

    -0.1287       0.0725      -0.1787       0.0320       0.0423       0.8028
     0.0467      -0.0363      -0.0672      -0.8385      -0.0445       0.0363
     0.0396       1.0000

    -0.5671       0.5988      -0.6365      -0.3734      -0.4019       0.0497
     0.7460       0.4151       0.4057      -0.0793      -0.9003      -0.4425
    -0.4379       0.0731       1.0000

    -0.5742       0.5944      -0.5709      -0.4306      -0.4545      -0.1412
     0.4245       0.4302       0.3303       0.0592      -0.5280      -0.4201
    -0.3724      -0.1098       0.5211       1.0000

     0.4322      -0.5845       0.5148       0.2378       0.2924       0.0629
    -0.2968      -0.3763      -0.4421      -0.0898       0.4797       0.3040
     0.3744       0.0884      -0.4109      -0.6132       1.0000

    -0.0004      -0.0011       0.0005      -0.0010       0.0004      -0.0002
     0.0008      -0.0007      -0.0007      -0.0001       0.0010      -0.0002
     0.0008       0.0001      -0.0003       0.0016       0.0065       1.0000

    -0.6041       0.7177      -0.6694      -0.3537      -0.4756      -0.1137
     0.4230       0.4358       0.5490       0.0986      -0.5820      -0.4156
    -0.5282      -0.1340       0.5554       0.8416      -0.8666      -0.0022
     1.0000

     0.0004       0.0008      -0.0003       0.0010      -0.0004       0.0003
    -0.0008       0.0006       0.0003      -0.0000      -0.0007       0.0002
    -0.0006       0.0000       0.0002      -0.0016      -0.0059      -0.9568
     0.0020       1.0000

     0.0000       0.0000       0.0000       0.0000       0.0000       0.0000
     0.0000       0.0000       0.0000       0.0000       0.0000       0.0000
     0.0000       0.0000       0.0000       0.0000       0.0000       0.0000
     0.0000       0.0000       0.0000

     0.5230      -0.5414       0.5185       0.3885       0.3725       0.1017
    -0.3777      -0.3930      -0.2877      -0.0490       0.4830       0.3809
     0.3267       0.0950      -0.4740      -0.8444       0.4533      -0.0020
    -0.6810       0.0019       0.0000       1.0000

    -0.6021       0.6584      -0.6097      -0.3712      -0.4334      -0.1030
     0.4281       0.4558       0.4083       0.0754      -0.5688      -0.4134
    -0.4053      -0.1079       0.5302       0.8671      -0.7366      -0.0024
     0.8507       0.0022       0.0000      -0.8560       1.0000

     0.1627      -0.3578       0.2861       0.0467       0.0913       0.0081
    -0.0939      -0.1920      -0.3573      -0.0762       0.2630       0.1116
     0.2444       0.0430      -0.1836      -0.1191       0.7901      -0.0017
    -0.5036       0.0019       0.0000       0.0287      -0.3775       1.0000

     0.5948      -0.6789       0.6334       0.3719       0.4517       0.1081
    -0.4144      -0.4269      -0.4748      -0.0809       0.5621       0.4040
     0.4667       0.1180      -0.5350      -0.8175       0.6590       0.0010
    -0.8296      -0.0009       0.0000       0.8701      -0.9369       0.3163
     1.0000

    -0.2100       0.3899      -0.3439      -0.0232      -0.2494      -0.0419
     0.1120       0.0865       0.5207       0.0808      -0.2234      -0.0881
    -0.4205      -0.0748       0.1996      -0.0047      -0.3891       0.0013
     0.3766      -0.0020       0.0000       0.0569       0.1272      -0.5833
    -0.2259       1.0000

    -0.0057       0.1263      -0.1259      -0.0303      -0.0624      -0.0175
    -0.0250      -0.0469       0.2542       0.0280      -0.0311       0.0005
    -0.2253      -0.0389       0.0543      -0.1017       0.1090      -0.0005
     0.0274       0.0002       0.0000       0.0816      -0.1341       0.0521
    -0.0144       0.3567       1.0000

 
                POSSIBLE OUTLIER INDIVIDUALS
 
 FOR EACH NON-PROBAND IT IS POSSIBLE TO PREDICT HIS/HER TRAIT
 VALUES GIVEN THE TRAIT VALUES OF OTHER PEDIGREE MEMBERS.  THESE
 PREDICTED VALUES CAN BE COMPARED TO THE OBSERVED VALUES BY
 COMPUTING AN APPROPRIATE QUADRATIC FORM.  THOSE INDIVIDUALS
 WITH P-VALUES FOR THE QUADRATIC FORM LESS THAN THE CUTOFF MAY
 BE OUTLIERS AND ARE LISTED BELOW.

 
                POSSIBLE OUTLIER PEDIGREES
 
 FOR THE NON-PROBANDS IN A PEDIGREE, IT IS POSSIBLE TO COMPUTE
 A QUADRATIC FORM WHICH UNDER A MULTIVARIATE NORMAL MODEL
 FOLLOWS AN APPROXIMATE CHI-SQUARE DISTRIBUTION.  THE DEGREES
 OF FREEDOM N EQUALS THE NUMBER OF MEASURED TRAIT VALUES AMONG
 THE NON-PROBANDS OF THE PEDIGREE.  UNDER A MULTIVARIATE T
 MODEL, THIS QUADRATIC FORM DIVIDED BY N FOLLOWS AN APPROXIMATE
 F DISTRIBUTION WITH DEGREES OF FREEDOM N AND V, WHERE V IS THE
 CONVERGED T PARAMETER.  THOSE PEDIGREES WITH P-VALUES FOR THE
 QUADRATIC FORM LESS THAN THE CUTOFF ARE LISTED BELOW.

            DEGREES OF    QUADRATIC              
 PEDIGREE     FREEDOM        FORM         P-VALUE
 

 
                 EDF TESTS OF OVERALL FIT
 
 IN THE FOLLOWING STATISTICAL TESTS OF THE OVERALL FIT
 OF THE MODEL, THE P-VALUES ASSOCIATED WITH THE PEDIGREE
 QUADRATIC FORMS ARE VIEWED AS RANDOM VARIABLES OR DEVIATES.

 IF THE CURRENT MODEL IS VALID, THESE DEVIATES SHOULD
 REPRESENT A RANDOM SAMPLE FROM A UNIFORM DISTRIBUTION ON
 THE INTERVAL (0,1).  THE FOLLOWING STATISTICS USE THE
 EMPIRICAL DISTRIBUTION FUNCTION OF THE DEVIATES TO TEST FOR
 DEPARTURES FROM THE UNIFORM DISTRIBUTION.  SEE THE PAPER:
 M.A. STEPHENS, EDF STATISTICS FOR GOODNESS OF FIT AND SOME
 COMPARISONS. JASA (1974) 69:730-737.

 UPPER PERCENTAGE POINTS FOR THE MODIFIED STATISTICS:
 
    STATISTIC                      P-VALUES
                       .10      .05       .025     .01
 
 ANDERSON-DARLING     1.933    2.492     3.020   3.857
 CRAMER-VON MISES     0.347    0.461     0.581   0.743
      WATSON          0.152    0.187     0.221   0.267
        D+            1.073    1.224     1.358   1.518
        D-            1.073    1.224     1.358   1.518
        D             1.224    1.358     1.480   1.628
      KUIPER          1.620    1.747     1.862   2.001

 SAMPLE VALUES FOR THESE DATA:

    STATISTIC          VALUE    MODIFIED VALUE

 ANDERSON-DARLING      0.219         0.219
 CRAMER-VON MISES      0.030        -0.031
     WATSON            0.029         0.015
       D+              0.139         0.334
       D-              0.207         0.497
       D               0.207         0.497
     KUIPER            0.345         0.863

 *** WARNING ***  EDF STATISTIC P-VALUES ARE NOT ACCURATE
 WHEN THE NUMBER OF DEVIATES IS SMALL.

 
 THE BINOMIAL STATISTIC ASSOCIATED WITH THE OBSERVED
 NUMBERS OF DEVIATES LESS THAN ALPHA, ALPHA = .10, .05, AND .01,
 GIVES A TEST FOR AN OVER-ABUNDANCE OF SMALL DEVIATES.
 
 ALPHA     NUMBER         P-VALUE
  0.10        1           0.40951
  0.05        0           1.00000
  0.01        0           1.00000

 

 CHECK THE FILE analysis/mvc_count_summary.out FOR A SUMMARY OF ANALYSIS RESULTS,
 AND FOR CITATIONS TO USE IN PUBLICATIONS.

 TIME OF DAY   : 20:39
 MONTH/DAY/YEAR: 03/11/2018
 
 ANALYSIS RUN TIME  :  0.195 SECONDS

        MENDEL DATA ANALYSIS COMPLETED.
