
                        POLYGENIC-QTL OPTION

                    SUMMARY FOR MEAN PARAMETERS
 
 TRAIT             PARAMETER    PREDICTOR          ESTIMATE        STD ERR
 
 lvedd_z               1        GRAND                2.5228         0.6726
 lvedd_z               3        female              -0.4529         0.6466
 lvedd_z               4        age_echo_yrs         0.6452         0.3600
 lvedd_z               5        n_lmna_vars         -1.2015         0.6639
 lvedd_z               6        n_oth_vars           1.3387         0.6500
 lvef                  2        GRAND               50.3921         5.8278
 lvef                  7        female               3.1977         5.2914
 lvef                  8        age_echo_yrs        -5.6568         3.0789
 lvef                  9        n_lmna_vars          3.3692         5.7196
 lvef                 10        n_oth_vars         -13.1788         5.1675

                    SUMMARY FOR COVARIANCE PARAMETERS
 
 TRAIT             TRAIT                VARIANCE           ESTIMATE      STD_ERR_1     STD_ERR_2
 
 lvedd_z           lvedd_z              ADDITIVE             0.3043         0.9453        1.4041
 lvef              lvedd_z              ADDITIVE            -4.7654        10.6995       13.2329
 lvef              lvef                 ADDITIVE            74.6285       127.9760      251.0320
 lvedd_z           lvedd_z              ENVIRONMENTAL        2.4293         1.0797        1.0929
 lvef              lvedd_z              ENVIRONMENTAL      -12.0564         9.7251        9.9534
 lvef              lvef                 ENVIRONMENTAL      128.6816       103.9942      110.3449

 TRAIT             TRAIT           TOTAL VARIANCE OR COVARIANCE
 
 lvedd_z           lvedd_z                   2.7336
 lvef              lvedd_z                 -16.8219
 lvef              lvef                    203.3101


 
 FOR PUBLICATION PURPOSES, PLEASE CITE THE OVERALL REFERENCE:

 Lange K, Papp JC, Sinsheimer JS, Sripracha R, Zhou H, Sobel EM (2013)
 Mendel: The Swiss army knife of genetic analysis programs.
 Bioinformatics 29:1568-1570.

 FOR THIS SPECIFIC ANALYSIS OPTION, PLEASE ALSO CITE THE REFERENCES:

 Lange K, Westlake J, Spence MA (1976). Extensions to pedigree analysis. III.
 Variance components by the scoring method.
 Annals of Human Genetics 39:485-491.

 Lange K, Boehnke M (l983). Extensions to pedigree analysis. IV.
 Covariance components models for multivariate traits.
 American Journal of Medical Genetics 14:513-524.

 Bauman L, Almasy L, Blangero J, Duggirala R, Sinsheimer JS, Lange K (2005).
 Fishing for pleiotropic QTLs in a polygenic sea.
 Annals of Human Genetics 69:590-611.

 Lange K, Sobel E (2006). Variance component models for X-linked QTLs.
 Genetic Epidemiology 30:380-383.

